 PATH path4605 FOUND 
 0) 117.14,231.55
    111.58,231.99
    106.29,233.26
    101.17,235.38
    96.50,238.25
    92.31,241.83
    88.73,246.02
    85.86,250.69
    83.74,255.81
    82.47,261.10
    82.03,266.67
    82.40,271.83
    83.52,276.88
    85.38,281.70
    87.94,286.20
    91.13,290.27
    94.23,290.27
    97.33,290.27
    100.43,290.27
    103.53,290.27
    106.63,290.27
    101.53,287.24
    97.25,283.13
    94.02,278.15
    92.01,272.57
    91.33,266.67
    92.59,258.70
    96.27,251.52
    101.98,245.81
    109.16,242.13
    117.13,240.87
    125.10,242.13
    132.28,245.81
    137.99,251.52
    141.67,258.70
    142.93,266.67
    141.67,274.64
    137.99,281.82
    132.28,287.53
    125.10,291.21
    117.13,292.47
    112.39,292.47
    107.65,292.47
    102.91,292.47
    98.17,292.47
    93.43,292.47
    88.91,292.47
    84.39,292.47
    79.87,292.47
    75.35,292.47
    70.83,292.47
    70.83,294.33
    70.83,296.19
    70.83,298.05
    70.83,299.91
    70.83,301.77
    80.09,301.77
    89.35,301.77
    98.61,301.77
    107.87,301.77
    117.13,301.77
    122.69,301.33
    127.98,300.06
    133.10,297.94
    137.77,295.07
    141.96,291.49
    145.54,287.30
    148.41,282.63
    150.53,277.51
    151.80,272.22
    152.24,266.65
    151.80,261.09
    150.53,255.80
    148.41,250.68
    145.54,246.01
    141.96,241.82
    137.77,238.24
    133.10,235.37
    127.98,233.25
    122.69,231.98
    117.12,231.54
ERROR
ERROR
ERROR
ERROR
 PATH path4603 FOUND 
 1) 144.54,292.45
    144.38,292.61
    144.22,292.77
    144.06,292.93
    143.90,293.09
    143.74,293.25
    141.45,295.36
    139.00,297.28
    136.40,298.99
    133.67,300.48
    130.83,301.74
    137.35,301.74
    143.87,301.74
    150.39,301.74
    156.91,301.74
    163.43,301.74
    163.43,299.88
    163.43,298.02
    163.43,296.16
    163.43,294.30
    163.43,292.44
    159.65,292.44
    155.87,292.44
    152.09,292.44
    148.31,292.44
    144.53,292.44
ERROR
ERROR
ERROR
ERROR

Object origin:
46.300000 35.115000

Eagle Command:
set wire_bend 2;
change layer tDocu;
set width 0;
poly (R 0.000020 0.070210) (R -0.011100 0.069330) (R -0.021680 0.066790) (R -0.031920 0.062550) (R -0.041260 0.056810) (R -0.049640 0.049650) (R -0.056800 0.041270) (R -0.062540 0.031930) (R -0.066780 0.021690) (R -0.069320 0.011110) (R -0.070200 -0.000030) (R -0.069460 -0.010350) (R -0.067220 -0.020450) (R -0.063500 -0.030090) (R -0.058380 -0.039090) (R -0.052000 -0.047230) (R -0.045800 -0.047230) (R -0.039600 -0.047230) (R -0.033400 -0.047230) (R -0.027200 -0.047230) (R -0.021000 -0.047230) (R -0.031200 -0.041170) (R -0.039760 -0.032950) (R -0.046220 -0.022990) (R -0.050240 -0.011830) (R -0.051600 -0.000030) (R -0.049080 0.015910) (R -0.041720 0.030270) (R -0.030300 0.041690) (R -0.015940 0.049050) (R -0.000000 0.051570) (R 0.015940 0.049050) (R 0.030300 0.041690) (R 0.041720 0.030270) (R 0.049080 0.015910) (R 0.051600 -0.000030) (R 0.049080 -0.015970) (R 0.041720 -0.030330) (R 0.030300 -0.041750) (R 0.015940 -0.049110) (R -0.000000 -0.051630) (R -0.009480 -0.051630) (R -0.018960 -0.051630) (R -0.028440 -0.051630) (R -0.037920 -0.051630) (R -0.047400 -0.051630) (R -0.056440 -0.051630) (R -0.065480 -0.051630) (R -0.074520 -0.051630) (R -0.083560 -0.051630) (R -0.092600 -0.051630) (R -0.092600 -0.055350) (R -0.092600 -0.059070) (R -0.092600 -0.062790) (R -0.092600 -0.066510) (R -0.092600 -0.070230) (R -0.074080 -0.070230) (R -0.055560 -0.070230) (R -0.037040 -0.070230) (R -0.018520 -0.070230) (R -0.000000 -0.070230) (R 0.011120 -0.069350) (R 0.021700 -0.066810) (R 0.031940 -0.062570) (R 0.041280 -0.056830) (R 0.049660 -0.049670) (R 0.056820 -0.041290) (R 0.062560 -0.031950) (R 0.066800 -0.021710) (R 0.069340 -0.011130) (R 0.070220 0.000010) (R 0.069340 0.011130) (R 0.066800 0.021710) (R 0.062560 0.031950) (R 0.056820 0.041290) (R 0.049660 0.049670) (R 0.041280 0.056830) (R 0.031940 0.062570) (R 0.021700 0.066810) (R 0.011120 0.069350) (R -0.000020 0.070230) (R 0.000020 0.070210);
poly (R 0.054820 -0.051590) (R 0.054500 -0.051910) (R 0.054180 -0.052230) (R 0.053860 -0.052550) (R 0.053540 -0.052870) (R 0.053220 -0.053190) (R 0.048640 -0.057410) (R 0.043740 -0.061250) (R 0.038540 -0.064670) (R 0.033080 -0.067650) (R 0.027400 -0.070170) (R 0.040440 -0.070170) (R 0.053480 -0.070170) (R 0.066520 -0.070170) (R 0.079560 -0.070170) (R 0.092600 -0.070170) (R 0.092600 -0.066450) (R 0.092600 -0.062730) (R 0.092600 -0.059010) (R 0.092600 -0.055290) (R 0.092600 -0.051570) (R 0.085040 -0.051570) (R 0.077480 -0.051570) (R 0.069920 -0.051570) (R 0.062360 -0.051570) (R 0.054800 -0.051570) (R 0.054820 -0.051590);

